CRITICAL - 2020-06-26 23:38:26 --> include(../Config/Database.php): failed to open stream: No such file or directory
#0 C:\xampp\htdocs\WEB\PROYECTOWEB\app\Views\editar_usuario.php(3): CodeIgniter\Debug\Exceptions->errorHandler(2, 'include(../Conf...', 'C:\\xampp\\htdocs...', 3, Array)
#1 C:\xampp\htdocs\WEB\PROYECTOWEB\app\Views\editar_usuario.php(3): include()
#2 C:\xampp\htdocs\WEB\PROYECTOWEB\system\View\View.php(246): include('C:\\xampp\\htdocs...')
#3 C:\xampp\htdocs\WEB\PROYECTOWEB\system\Common.php(1087): CodeIgniter\View\View->render('editar_usuario', Array, true)
#4 C:\xampp\htdocs\WEB\PROYECTOWEB\app\Controllers\Home.php(7): view('editar_usuario')
#5 C:\xampp\htdocs\WEB\PROYECTOWEB\system\CodeIgniter.php(914): App\Controllers\Home->index()
#6 C:\xampp\htdocs\WEB\PROYECTOWEB\system\CodeIgniter.php(400): CodeIgniter\CodeIgniter->runController(Object(App\Controllers\Home))
#7 C:\xampp\htdocs\WEB\PROYECTOWEB\system\CodeIgniter.php(308): CodeIgniter\CodeIgniter->handleRequest(NULL, Object(Config\Cache), false)
#8 C:\xampp\htdocs\WEB\PROYECTOWEB\index.php(45): CodeIgniter\CodeIgniter->run()
#9 {main}
CRITICAL - 2020-06-26 23:38:45 --> include(../Config/Database.php): failed to open stream: No such file or directory
#0 C:\xampp\htdocs\WEB\PROYECTOWEB\app\Views\editar_usuario.php(3): CodeIgniter\Debug\Exceptions->errorHandler(2, 'include(../Conf...', 'C:\\xampp\\htdocs...', 3, Array)
#1 C:\xampp\htdocs\WEB\PROYECTOWEB\app\Views\editar_usuario.php(3): include()
#2 C:\xampp\htdocs\WEB\PROYECTOWEB\system\View\View.php(246): include('C:\\xampp\\htdocs...')
#3 C:\xampp\htdocs\WEB\PROYECTOWEB\system\Common.php(1087): CodeIgniter\View\View->render('editar_usuario', Array, true)
#4 C:\xampp\htdocs\WEB\PROYECTOWEB\app\Controllers\Home.php(7): view('editar_usuario')
#5 C:\xampp\htdocs\WEB\PROYECTOWEB\system\CodeIgniter.php(914): App\Controllers\Home->index()
#6 C:\xampp\htdocs\WEB\PROYECTOWEB\system\CodeIgniter.php(400): CodeIgniter\CodeIgniter->runController(Object(App\Controllers\Home))
#7 C:\xampp\htdocs\WEB\PROYECTOWEB\system\CodeIgniter.php(308): CodeIgniter\CodeIgniter->handleRequest(NULL, Object(Config\Cache), false)
#8 C:\xampp\htdocs\WEB\PROYECTOWEB\index.php(45): CodeIgniter\CodeIgniter->run()
#9 {main}
CRITICAL - 2020-06-26 23:38:54 --> mysqli_query() expects parameter 1 to be mysqli, null given
#0 [internal function]: CodeIgniter\Debug\Exceptions->errorHandler(2, 'mysqli_query() ...', 'C:\\xampp\\htdocs...', 40, Array)
#1 C:\xampp\htdocs\WEB\PROYECTOWEB\app\Views\editar_usuario.php(40): mysqli_query(NULL, 'SELECT * FROM r...')
#2 C:\xampp\htdocs\WEB\PROYECTOWEB\system\View\View.php(246): include('C:\\xampp\\htdocs...')
#3 C:\xampp\htdocs\WEB\PROYECTOWEB\system\Common.php(1087): CodeIgniter\View\View->render('editar_usuario', Array, true)
#4 C:\xampp\htdocs\WEB\PROYECTOWEB\app\Controllers\Home.php(7): view('editar_usuario')
#5 C:\xampp\htdocs\WEB\PROYECTOWEB\system\CodeIgniter.php(914): App\Controllers\Home->index()
#6 C:\xampp\htdocs\WEB\PROYECTOWEB\system\CodeIgniter.php(400): CodeIgniter\CodeIgniter->runController(Object(App\Controllers\Home))
#7 C:\xampp\htdocs\WEB\PROYECTOWEB\system\CodeIgniter.php(308): CodeIgniter\CodeIgniter->handleRequest(NULL, Object(Config\Cache), false)
#8 C:\xampp\htdocs\WEB\PROYECTOWEB\index.php(45): CodeIgniter\CodeIgniter->run()
#9 {main}
CRITICAL - 2020-06-26 23:39:27 --> include(../Config/Database.php): failed to open stream: No such file or directory
#0 C:\xampp\htdocs\WEB\PROYECTOWEB\app\Views\editar_usuario.php(3): CodeIgniter\Debug\Exceptions->errorHandler(2, 'include(../Conf...', 'C:\\xampp\\htdocs...', 3, Array)
#1 C:\xampp\htdocs\WEB\PROYECTOWEB\app\Views\editar_usuario.php(3): include()
#2 C:\xampp\htdocs\WEB\PROYECTOWEB\system\View\View.php(246): include('C:\\xampp\\htdocs...')
#3 C:\xampp\htdocs\WEB\PROYECTOWEB\system\Common.php(1087): CodeIgniter\View\View->render('editar_usuario', Array, true)
#4 C:\xampp\htdocs\WEB\PROYECTOWEB\app\Controllers\Home.php(7): view('editar_usuario')
#5 C:\xampp\htdocs\WEB\PROYECTOWEB\system\CodeIgniter.php(914): App\Controllers\Home->index()
#6 C:\xampp\htdocs\WEB\PROYECTOWEB\system\CodeIgniter.php(400): CodeIgniter\CodeIgniter->runController(Object(App\Controllers\Home))
#7 C:\xampp\htdocs\WEB\PROYECTOWEB\system\CodeIgniter.php(308): CodeIgniter\CodeIgniter->handleRequest(NULL, Object(Config\Cache), false)
#8 C:\xampp\htdocs\WEB\PROYECTOWEB\index.php(45): CodeIgniter\CodeIgniter->run()
#9 {main}
CRITICAL - 2020-06-26 23:39:39 --> include(../Config/Database.php): failed to open stream: No such file or directory
#0 C:\xampp\htdocs\WEB\PROYECTOWEB\app\Views\editar_usuario.php(3): CodeIgniter\Debug\Exceptions->errorHandler(2, 'include(../Conf...', 'C:\\xampp\\htdocs...', 3, Array)
#1 C:\xampp\htdocs\WEB\PROYECTOWEB\app\Views\editar_usuario.php(3): include()
#2 C:\xampp\htdocs\WEB\PROYECTOWEB\system\View\View.php(246): include('C:\\xampp\\htdocs...')
#3 C:\xampp\htdocs\WEB\PROYECTOWEB\system\Common.php(1087): CodeIgniter\View\View->render('editar_usuario', Array, true)
#4 C:\xampp\htdocs\WEB\PROYECTOWEB\app\Controllers\Home.php(7): view('editar_usuario')
#5 C:\xampp\htdocs\WEB\PROYECTOWEB\system\CodeIgniter.php(914): App\Controllers\Home->index()
#6 C:\xampp\htdocs\WEB\PROYECTOWEB\system\CodeIgniter.php(400): CodeIgniter\CodeIgniter->runController(Object(App\Controllers\Home))
#7 C:\xampp\htdocs\WEB\PROYECTOWEB\system\CodeIgniter.php(308): CodeIgniter\CodeIgniter->handleRequest(NULL, Object(Config\Cache), false)
#8 C:\xampp\htdocs\WEB\PROYECTOWEB\index.php(45): CodeIgniter\CodeIgniter->run()
#9 {main}
CRITICAL - 2020-06-26 23:42:18 --> include(../Config/Database.php): failed to open stream: No such file or directory
#0 C:\xampp\htdocs\WEB\PROYECTOWEB\app\Views\editar_usuario.php(3): CodeIgniter\Debug\Exceptions->errorHandler(2, 'include(../Conf...', 'C:\\xampp\\htdocs...', 3, Array)
#1 C:\xampp\htdocs\WEB\PROYECTOWEB\app\Views\editar_usuario.php(3): include()
#2 C:\xampp\htdocs\WEB\PROYECTOWEB\system\View\View.php(246): include('C:\\xampp\\htdocs...')
#3 C:\xampp\htdocs\WEB\PROYECTOWEB\system\Common.php(1087): CodeIgniter\View\View->render('editar_usuario', Array, true)
#4 C:\xampp\htdocs\WEB\PROYECTOWEB\app\Controllers\Home.php(7): view('editar_usuario')
#5 C:\xampp\htdocs\WEB\PROYECTOWEB\system\CodeIgniter.php(914): App\Controllers\Home->index()
#6 C:\xampp\htdocs\WEB\PROYECTOWEB\system\CodeIgniter.php(400): CodeIgniter\CodeIgniter->runController(Object(App\Controllers\Home))
#7 C:\xampp\htdocs\WEB\PROYECTOWEB\system\CodeIgniter.php(308): CodeIgniter\CodeIgniter->handleRequest(NULL, Object(Config\Cache), false)
#8 C:\xampp\htdocs\WEB\PROYECTOWEB\index.php(45): CodeIgniter\CodeIgniter->run()
#9 {main}
CRITICAL - 2020-06-26 23:48:14 --> include(../Config/Database.php): failed to open stream: No such file or directory
#0 C:\xampp\htdocs\WEB\PROYECTOWEB\app\Views\editar_usuario.php(3): CodeIgniter\Debug\Exceptions->errorHandler(2, 'include(../Conf...', 'C:\\xampp\\htdocs...', 3, Array)
#1 C:\xampp\htdocs\WEB\PROYECTOWEB\app\Views\editar_usuario.php(3): include()
#2 C:\xampp\htdocs\WEB\PROYECTOWEB\system\View\View.php(246): include('C:\\xampp\\htdocs...')
#3 C:\xampp\htdocs\WEB\PROYECTOWEB\system\Common.php(1087): CodeIgniter\View\View->render('editar_usuario', Array, true)
#4 C:\xampp\htdocs\WEB\PROYECTOWEB\app\Controllers\Home.php(7): view('editar_usuario')
#5 C:\xampp\htdocs\WEB\PROYECTOWEB\system\CodeIgniter.php(914): App\Controllers\Home->index()
#6 C:\xampp\htdocs\WEB\PROYECTOWEB\system\CodeIgniter.php(400): CodeIgniter\CodeIgniter->runController(Object(App\Controllers\Home))
#7 C:\xampp\htdocs\WEB\PROYECTOWEB\system\CodeIgniter.php(308): CodeIgniter\CodeIgniter->handleRequest(NULL, Object(Config\Cache), false)
#8 C:\xampp\htdocs\WEB\PROYECTOWEB\index.php(45): CodeIgniter\CodeIgniter->run()
#9 {main}
CRITICAL - 2020-06-26 23:49:48 --> include(../Config/Database.php): failed to open stream: No such file or directory
#0 C:\xampp\htdocs\WEB\PROYECTOWEB\app\Views\editar_usuario.php(3): CodeIgniter\Debug\Exceptions->errorHandler(2, 'include(../Conf...', 'C:\\xampp\\htdocs...', 3, Array)
#1 C:\xampp\htdocs\WEB\PROYECTOWEB\app\Views\editar_usuario.php(3): include()
#2 C:\xampp\htdocs\WEB\PROYECTOWEB\system\View\View.php(246): include('C:\\xampp\\htdocs...')
#3 C:\xampp\htdocs\WEB\PROYECTOWEB\system\Common.php(1087): CodeIgniter\View\View->render('editar_usuario', Array, true)
#4 C:\xampp\htdocs\WEB\PROYECTOWEB\app\Controllers\Home.php(7): view('editar_usuario')
#5 C:\xampp\htdocs\WEB\PROYECTOWEB\system\CodeIgniter.php(914): App\Controllers\Home->index()
#6 C:\xampp\htdocs\WEB\PROYECTOWEB\system\CodeIgniter.php(400): CodeIgniter\CodeIgniter->runController(Object(App\Controllers\Home))
#7 C:\xampp\htdocs\WEB\PROYECTOWEB\system\CodeIgniter.php(308): CodeIgniter\CodeIgniter->handleRequest(NULL, Object(Config\Cache), false)
#8 C:\xampp\htdocs\WEB\PROYECTOWEB\index.php(45): CodeIgniter\CodeIgniter->run()
#9 {main}
CRITICAL - 2020-06-26 23:50:49 --> syntax error, unexpected '$query_rol' (T_VARIABLE)
#0 C:\xampp\htdocs\WEB\PROYECTOWEB\system\Common.php(1087): CodeIgniter\View\View->render('editar_usuario', Array, true)
#1 C:\xampp\htdocs\WEB\PROYECTOWEB\app\Controllers\Home.php(7): view('editar_usuario')
#2 C:\xampp\htdocs\WEB\PROYECTOWEB\system\CodeIgniter.php(914): App\Controllers\Home->index()
#3 C:\xampp\htdocs\WEB\PROYECTOWEB\system\CodeIgniter.php(400): CodeIgniter\CodeIgniter->runController(Object(App\Controllers\Home))
#4 C:\xampp\htdocs\WEB\PROYECTOWEB\system\CodeIgniter.php(308): CodeIgniter\CodeIgniter->handleRequest(NULL, Object(Config\Cache), false)
#5 C:\xampp\htdocs\WEB\PROYECTOWEB\index.php(45): CodeIgniter\CodeIgniter->run()
#6 {main}
CRITICAL - 2020-06-26 23:52:23 --> mysqli_query() expects parameter 1 to be mysqli, null given
#0 [internal function]: CodeIgniter\Debug\Exceptions->errorHandler(2, 'mysqli_query() ...', 'C:\\xampp\\htdocs...', 39, Array)
#1 C:\xampp\htdocs\WEB\PROYECTOWEB\app\Views\editar_usuario.php(39): mysqli_query(NULL, 'SELECT * FROM r...')
#2 C:\xampp\htdocs\WEB\PROYECTOWEB\system\View\View.php(246): include('C:\\xampp\\htdocs...')
#3 C:\xampp\htdocs\WEB\PROYECTOWEB\system\Common.php(1087): CodeIgniter\View\View->render('editar_usuario', Array, true)
#4 C:\xampp\htdocs\WEB\PROYECTOWEB\app\Controllers\Home.php(7): view('editar_usuario')
#5 C:\xampp\htdocs\WEB\PROYECTOWEB\system\CodeIgniter.php(914): App\Controllers\Home->index()
#6 C:\xampp\htdocs\WEB\PROYECTOWEB\system\CodeIgniter.php(400): CodeIgniter\CodeIgniter->runController(Object(App\Controllers\Home))
#7 C:\xampp\htdocs\WEB\PROYECTOWEB\system\CodeIgniter.php(308): CodeIgniter\CodeIgniter->handleRequest(NULL, Object(Config\Cache), false)
#8 C:\xampp\htdocs\WEB\PROYECTOWEB\index.php(45): CodeIgniter\CodeIgniter->run()
#9 {main}
CRITICAL - 2020-06-26 23:52:57 --> mysqli_query() expects parameter 1 to be mysqli, null given
#0 [internal function]: CodeIgniter\Debug\Exceptions->errorHandler(2, 'mysqli_query() ...', 'C:\\xampp\\htdocs...', 39, Array)
#1 C:\xampp\htdocs\WEB\PROYECTOWEB\app\Views\editar_usuario.php(39): mysqli_query(NULL, 'SELECT * FROM t...')
#2 C:\xampp\htdocs\WEB\PROYECTOWEB\system\View\View.php(246): include('C:\\xampp\\htdocs...')
#3 C:\xampp\htdocs\WEB\PROYECTOWEB\system\Common.php(1087): CodeIgniter\View\View->render('editar_usuario', Array, true)
#4 C:\xampp\htdocs\WEB\PROYECTOWEB\app\Controllers\Home.php(7): view('editar_usuario')
#5 C:\xampp\htdocs\WEB\PROYECTOWEB\system\CodeIgniter.php(914): App\Controllers\Home->index()
#6 C:\xampp\htdocs\WEB\PROYECTOWEB\system\CodeIgniter.php(400): CodeIgniter\CodeIgniter->runController(Object(App\Controllers\Home))
#7 C:\xampp\htdocs\WEB\PROYECTOWEB\system\CodeIgniter.php(308): CodeIgniter\CodeIgniter->handleRequest(NULL, Object(Config\Cache), false)
#8 C:\xampp\htdocs\WEB\PROYECTOWEB\index.php(45): CodeIgniter\CodeIgniter->run()
#9 {main}
CRITICAL - 2020-06-26 23:54:54 --> mysqli_query() expects parameter 1 to be mysqli, null given
#0 [internal function]: CodeIgniter\Debug\Exceptions->errorHandler(2, 'mysqli_query() ...', 'C:\\xampp\\htdocs...', 97, Array)
#1 C:\xampp\htdocs\WEB\PROYECTOWEB\app\Views\admin_usuarios.php(97): mysqli_query(NULL, 'SELECT * FROM r...')
#2 C:\xampp\htdocs\WEB\PROYECTOWEB\system\View\View.php(246): include('C:\\xampp\\htdocs...')
#3 C:\xampp\htdocs\WEB\PROYECTOWEB\system\Common.php(1087): CodeIgniter\View\View->render('admin_usuarios', Array, true)
#4 C:\xampp\htdocs\WEB\PROYECTOWEB\app\Controllers\Home.php(7): view('admin_usuarios')
#5 C:\xampp\htdocs\WEB\PROYECTOWEB\system\CodeIgniter.php(914): App\Controllers\Home->index()
#6 C:\xampp\htdocs\WEB\PROYECTOWEB\system\CodeIgniter.php(400): CodeIgniter\CodeIgniter->runController(Object(App\Controllers\Home))
#7 C:\xampp\htdocs\WEB\PROYECTOWEB\system\CodeIgniter.php(308): CodeIgniter\CodeIgniter->handleRequest(NULL, Object(Config\Cache), false)
#8 C:\xampp\htdocs\WEB\PROYECTOWEB\index.php(45): CodeIgniter\CodeIgniter->run()
#9 {main}
CRITICAL - 2020-06-26 23:55:27 --> mysqli_query() expects parameter 1 to be mysqli, null given
#0 [internal function]: CodeIgniter\Debug\Exceptions->errorHandler(2, 'mysqli_query() ...', 'C:\\xampp\\htdocs...', 97, Array)
#1 C:\xampp\htdocs\WEB\PROYECTOWEB\app\Views\admin_usuarios.php(97): mysqli_query(NULL, 'SELECT * FROM r...')
#2 C:\xampp\htdocs\WEB\PROYECTOWEB\system\View\View.php(246): include('C:\\xampp\\htdocs...')
#3 C:\xampp\htdocs\WEB\PROYECTOWEB\system\Common.php(1087): CodeIgniter\View\View->render('admin_usuarios', Array, true)
#4 C:\xampp\htdocs\WEB\PROYECTOWEB\app\Controllers\Home.php(7): view('admin_usuarios')
#5 C:\xampp\htdocs\WEB\PROYECTOWEB\system\CodeIgniter.php(914): App\Controllers\Home->index()
#6 C:\xampp\htdocs\WEB\PROYECTOWEB\system\CodeIgniter.php(400): CodeIgniter\CodeIgniter->runController(Object(App\Controllers\Home))
#7 C:\xampp\htdocs\WEB\PROYECTOWEB\system\CodeIgniter.php(308): CodeIgniter\CodeIgniter->handleRequest(NULL, Object(Config\Cache), false)
#8 C:\xampp\htdocs\WEB\PROYECTOWEB\index.php(45): CodeIgniter\CodeIgniter->run()
#9 {main}
